CRITICAL - 2024-05-28 01:48:10 --> syntax error, unexpected 'if' (T_IF)
in APPPATH\Config\Routes.php on line 26.
 1 SYSTEMPATH\CodeIgniter.php(810): CodeIgniter\Router\RouteCollection->loadRoutes()
 2 SYSTEMPATH\CodeIgniter.php(450): CodeIgniter\CodeIgniter->tryToRouteIt(null)
 3 SYSTEMPATH\CodeIgniter.php(361): CodeIgniter\CodeIgniter->handleRequest(null, Object(Config\Cache), false)
 4 FCPATH\index.php(79): CodeIgniter\CodeIgniter->run()
INFO - 2024-05-28 01:51:39 --> Session: Class initialized using 'CodeIgniter\Session\Handlers\FileHandler' driver.
INFO - 2024-05-28 01:52:19 --> Session: Class initialized using 'CodeIgniter\Session\Handlers\FileHandler' driver.
INFO - 2024-05-28 01:52:30 --> Session: Class initialized using 'CodeIgniter\Session\Handlers\FileHandler' driver.
CRITICAL - 2024-05-28 01:53:24 --> Class 'Modules\AdminDashboard\Models\Property_m' not found
in ROOTPATH\Modules\AdminDashboard\Controllers\Property_c.php on line 11.
 1 SYSTEMPATH\CodeIgniter.php(942): Modules\AdminDashboard\Controllers\Property_c->index()
 2 SYSTEMPATH\CodeIgniter.php(502): CodeIgniter\CodeIgniter->runController(Object(Modules\AdminDashboard\Controllers\Property_c))
 3 SYSTEMPATH\CodeIgniter.php(361): CodeIgniter\CodeIgniter->handleRequest(null, Object(Config\Cache), false)
 4 FCPATH\index.php(79): CodeIgniter\CodeIgniter->run()
CRITICAL - 2024-05-28 01:53:31 --> Class 'Modules\AdminDashboard\Models\Property_m' not found
in ROOTPATH\Modules\AdminDashboard\Controllers\Property_c.php on line 11.
 1 SYSTEMPATH\CodeIgniter.php(942): Modules\AdminDashboard\Controllers\Property_c->index()
 2 SYSTEMPATH\CodeIgniter.php(502): CodeIgniter\CodeIgniter->runController(Object(Modules\AdminDashboard\Controllers\Property_c))
 3 SYSTEMPATH\CodeIgniter.php(361): CodeIgniter\CodeIgniter->handleRequest(null, Object(Config\Cache), false)
 4 FCPATH\index.php(79): CodeIgniter\CodeIgniter->run()
CRITICAL - 2024-05-28 02:44:40 --> syntax error, unexpected 'class' (T_CLASS), expecting ')'
in APPPATH\Views\layouts\top_layout.php on line 41.
 1 SYSTEMPATH\View\View.php(231): CodeIgniter\View\View->CodeIgniter\View\{closure}()
 2 SYSTEMPATH\View\View.php(469): CodeIgniter\View\View->render('layouts/top_layout', null, true)
 3 APPPATH\Views\layouts\main_layout.php(1): CodeIgniter\View\View->include('layouts/top_layout')
 4 SYSTEMPATH\View\View.php(228): include('C:\\xampp\\htdocs\\PropertyPrime\\app\\Views\\layouts\\main_layout.php')
 5 SYSTEMPATH\View\View.php(231): CodeIgniter\View\View->CodeIgniter\View\{closure}()
 6 SYSTEMPATH\View\View.php(244): CodeIgniter\View\View->render('layouts/main_layout', [], true)
 7 SYSTEMPATH\Common.php(1190): CodeIgniter\View\View->render('property/index', [], true)
 8 ROOTPATH\Modules\AdminDashboard\Controllers\Property_c.php(13): view('property/index', [...])
 9 SYSTEMPATH\CodeIgniter.php(942): Modules\AdminDashboard\Controllers\Property_c->index()
10 SYSTEMPATH\CodeIgniter.php(502): CodeIgniter\CodeIgniter->runController(Object(Modules\AdminDashboard\Controllers\Property_c))
11 SYSTEMPATH\CodeIgniter.php(361): CodeIgniter\CodeIgniter->handleRequest(null, Object(Config\Cache), false)
12 FCPATH\index.php(79): CodeIgniter\CodeIgniter->run()
CRITICAL - 2024-05-28 02:45:07 --> syntax error, unexpected 'class' (T_CLASS), expecting ')'
in APPPATH\Views\layouts\top_layout.php on line 41.
 1 SYSTEMPATH\View\View.php(231): CodeIgniter\View\View->CodeIgniter\View\{closure}()
 2 SYSTEMPATH\View\View.php(469): CodeIgniter\View\View->render('layouts/top_layout', null, true)
 3 APPPATH\Views\layouts\main_layout.php(1): CodeIgniter\View\View->include('layouts/top_layout')
 4 SYSTEMPATH\View\View.php(228): include('C:\\xampp\\htdocs\\PropertyPrime\\app\\Views\\layouts\\main_layout.php')
 5 SYSTEMPATH\View\View.php(231): CodeIgniter\View\View->CodeIgniter\View\{closure}()
 6 SYSTEMPATH\View\View.php(244): CodeIgniter\View\View->render('layouts/main_layout', [], true)
 7 SYSTEMPATH\Common.php(1190): CodeIgniter\View\View->render('property/index', [], true)
 8 ROOTPATH\Modules\AdminDashboard\Controllers\Property_c.php(13): view('property/index', [...])
 9 SYSTEMPATH\CodeIgniter.php(942): Modules\AdminDashboard\Controllers\Property_c->index()
10 SYSTEMPATH\CodeIgniter.php(502): CodeIgniter\CodeIgniter->runController(Object(Modules\AdminDashboard\Controllers\Property_c))
11 SYSTEMPATH\CodeIgniter.php(361): CodeIgniter\CodeIgniter->handleRequest(null, Object(Config\Cache), false)
12 FCPATH\index.php(79): CodeIgniter\CodeIgniter->run()
CRITICAL - 2024-05-28 02:46:04 --> syntax error, unexpected 'class' (T_CLASS), expecting ';' or ','
in APPPATH\Views\layouts\top_layout.php on line 41.
 1 SYSTEMPATH\View\View.php(231): CodeIgniter\View\View->CodeIgniter\View\{closure}()
 2 SYSTEMPATH\View\View.php(469): CodeIgniter\View\View->render('layouts/top_layout', null, true)
 3 APPPATH\Views\layouts\main_layout.php(1): CodeIgniter\View\View->include('layouts/top_layout')
 4 SYSTEMPATH\View\View.php(228): include('C:\\xampp\\htdocs\\PropertyPrime\\app\\Views\\layouts\\main_layout.php')
 5 SYSTEMPATH\View\View.php(231): CodeIgniter\View\View->CodeIgniter\View\{closure}()
 6 SYSTEMPATH\View\View.php(244): CodeIgniter\View\View->render('layouts/main_layout', [], true)
 7 SYSTEMPATH\Common.php(1190): CodeIgniter\View\View->render('property/index', [], true)
 8 ROOTPATH\Modules\AdminDashboard\Controllers\Property_c.php(13): view('property/index', [...])
 9 SYSTEMPATH\CodeIgniter.php(942): Modules\AdminDashboard\Controllers\Property_c->index()
10 SYSTEMPATH\CodeIgniter.php(502): CodeIgniter\CodeIgniter->runController(Object(Modules\AdminDashboard\Controllers\Property_c))
11 SYSTEMPATH\CodeIgniter.php(361): CodeIgniter\CodeIgniter->handleRequest(null, Object(Config\Cache), false)
12 FCPATH\index.php(79): CodeIgniter\CodeIgniter->run()
CRITICAL - 2024-05-28 02:47:59 --> Argument 5 passed to link_tag() must be of the type string, array given, called in C:\xampp\htdocs\PropertyPrime\app\Views\layouts\top_layout.php on line 42
in SYSTEMPATH\Helpers\html_helper.php on line 230.
 1 APPPATH\Views\layouts\top_layout.php(42): link_tag('http://localhost/PropertyPrime/public/assets/vendors/sneats/vendor/css/core.css', 'stylesheet', 'text/css', '', [...])
 2 SYSTEMPATH\View\View.php(228): include('C:\\xampp\\htdocs\\PropertyPrime\\app\\Views\\layouts\\top_layout.php')
 3 SYSTEMPATH\View\View.php(231): CodeIgniter\View\View->CodeIgniter\View\{closure}()
 4 SYSTEMPATH\View\View.php(469): CodeIgniter\View\View->render('layouts/top_layout', null, true)
 5 APPPATH\Views\layouts\main_layout.php(1): CodeIgniter\View\View->include('layouts/top_layout')
 6 SYSTEMPATH\View\View.php(228): include('C:\\xampp\\htdocs\\PropertyPrime\\app\\Views\\layouts\\main_layout.php')
 7 SYSTEMPATH\View\View.php(231): CodeIgniter\View\View->CodeIgniter\View\{closure}()
 8 SYSTEMPATH\View\View.php(244): CodeIgniter\View\View->render('layouts/main_layout', [], true)
 9 SYSTEMPATH\Common.php(1190): CodeIgniter\View\View->render('property/index', [], true)
10 ROOTPATH\Modules\AdminDashboard\Controllers\Property_c.php(13): view('property/index', [...])
11 SYSTEMPATH\CodeIgniter.php(942): Modules\AdminDashboard\Controllers\Property_c->index()
12 SYSTEMPATH\CodeIgniter.php(502): CodeIgniter\CodeIgniter->runController(Object(Modules\AdminDashboard\Controllers\Property_c))
13 SYSTEMPATH\CodeIgniter.php(361): CodeIgniter\CodeIgniter->handleRequest(null, Object(Config\Cache), false)
14 FCPATH\index.php(79): CodeIgniter\CodeIgniter->run()
CRITICAL - 2024-05-28 02:49:58 --> Argument 5 passed to link_tag() must be of the type string, array given, called in C:\xampp\htdocs\PropertyPrime\app\Views\layouts\top_layout.php on line 42
in SYSTEMPATH\Helpers\html_helper.php on line 230.
 1 APPPATH\Views\layouts\top_layout.php(42): link_tag('http://localhost/PropertyPrime/public/assets/vendors/sneats/vendor/css/core.css', 'stylesheet', 'text/css', '', [...])
 2 SYSTEMPATH\View\View.php(228): include('C:\\xampp\\htdocs\\PropertyPrime\\app\\Views\\layouts\\top_layout.php')
 3 SYSTEMPATH\View\View.php(231): CodeIgniter\View\View->CodeIgniter\View\{closure}()
 4 SYSTEMPATH\View\View.php(469): CodeIgniter\View\View->render('layouts/top_layout', null, true)
 5 APPPATH\Views\layouts\main_layout.php(1): CodeIgniter\View\View->include('layouts/top_layout')
 6 SYSTEMPATH\View\View.php(228): include('C:\\xampp\\htdocs\\PropertyPrime\\app\\Views\\layouts\\main_layout.php')
 7 SYSTEMPATH\View\View.php(231): CodeIgniter\View\View->CodeIgniter\View\{closure}()
 8 SYSTEMPATH\View\View.php(244): CodeIgniter\View\View->render('layouts/main_layout', [], true)
 9 SYSTEMPATH\Common.php(1190): CodeIgniter\View\View->render('property/index', [], true)
10 ROOTPATH\Modules\AdminDashboard\Controllers\Property_c.php(13): view('property/index', [...])
11 SYSTEMPATH\CodeIgniter.php(942): Modules\AdminDashboard\Controllers\Property_c->index()
12 SYSTEMPATH\CodeIgniter.php(502): CodeIgniter\CodeIgniter->runController(Object(Modules\AdminDashboard\Controllers\Property_c))
13 SYSTEMPATH\CodeIgniter.php(361): CodeIgniter\CodeIgniter->handleRequest(null, Object(Config\Cache), false)
14 FCPATH\index.php(79): CodeIgniter\CodeIgniter->run()
