CRITICAL - 2024-05-30 01:04:47 --> syntax error, unexpected '$db' (T_VARIABLE), expecting function (T_FUNCTION) or const (T_CONST)
in APPPATH\Config\Database.php on line 48.
 1 SYSTEMPATH\Autoloader\Autoloader.php(291): CodeIgniter\Autoloader\Autoloader->includeFile('C:\\xampp\\htdocs\\PropertyPrime\\app\\Config\\Database.php')
 2 SYSTEMPATH\Autoloader\Autoloader.php(269): CodeIgniter\Autoloader\Autoloader->loadInNamespace('Config\\Database')
 3 [internal function]: CodeIgniter\Autoloader\Autoloader->loadClass('Config\\Database')
 4 SYSTEMPATH\Debug\Toolbar\Collectors\Database.php(257): spl_autoload_call('Config\\Database')
 5 SYSTEMPATH\Debug\Toolbar\Collectors\Database.php(73): CodeIgniter\Debug\Toolbar\Collectors\Database->getConnections()
 6 SYSTEMPATH\Debug\Toolbar.php(65): CodeIgniter\Debug\Toolbar\Collectors\Database->__construct()
 7 SYSTEMPATH\Config\Services.php(779): CodeIgniter\Debug\Toolbar->__construct(Object(Config\Toolbar))
 8 SYSTEMPATH\Config\BaseService.php(258): CodeIgniter\Config\Services::toolbar(Object(Config\Toolbar), false)
 9 SYSTEMPATH\Config\BaseService.php(199): CodeIgniter\Config\BaseService::__callStatic('toolbar', [...])
10 SYSTEMPATH\Config\Services.php(774): CodeIgniter\Config\BaseService::getSharedInstance('toolbar', null)
11 SYSTEMPATH\Config\BaseService.php(258): CodeIgniter\Config\Services::toolbar()
12 APPPATH\Config\Events.php(47): CodeIgniter\Config\BaseService::__callStatic('toolbar', [])
13 SYSTEMPATH\Events\Events.php(154): CodeIgniter\Events\Events::Config\{closure}()
14 SYSTEMPATH\CodeIgniter.php(442): CodeIgniter\Events\Events::trigger('pre_system')
15 SYSTEMPATH\CodeIgniter.php(361): CodeIgniter\CodeIgniter->handleRequest(null, Object(Config\Cache), false)
16 FCPATH\index.php(79): CodeIgniter\CodeIgniter->run()
CRITICAL - 2024-05-30 08:09:45 --> syntax error, unexpected '$db' (T_VARIABLE), expecting function (T_FUNCTION) or const (T_CONST)
in APPPATH\Config\Database.php on line 48.
 1 SYSTEMPATH\Autoloader\Autoloader.php(291): CodeIgniter\Autoloader\Autoloader->includeFile('C:\\xampp\\htdocs\\PropertyPrime\\app\\Config\\Database.php')
 2 SYSTEMPATH\Autoloader\Autoloader.php(269): CodeIgniter\Autoloader\Autoloader->loadInNamespace('Config\\Database')
 3 [internal function]: CodeIgniter\Autoloader\Autoloader->loadClass('Config\\Database')
 4 SYSTEMPATH\Debug\Toolbar\Collectors\Database.php(257): spl_autoload_call('Config\\Database')
 5 SYSTEMPATH\Debug\Toolbar\Collectors\Database.php(73): CodeIgniter\Debug\Toolbar\Collectors\Database->getConnections()
 6 SYSTEMPATH\Debug\Toolbar.php(65): CodeIgniter\Debug\Toolbar\Collectors\Database->__construct()
 7 SYSTEMPATH\Config\Services.php(779): CodeIgniter\Debug\Toolbar->__construct(Object(Config\Toolbar))
 8 SYSTEMPATH\Config\BaseService.php(258): CodeIgniter\Config\Services::toolbar(Object(Config\Toolbar), false)
 9 SYSTEMPATH\Config\BaseService.php(199): CodeIgniter\Config\BaseService::__callStatic('toolbar', [...])
10 SYSTEMPATH\Config\Services.php(774): CodeIgniter\Config\BaseService::getSharedInstance('toolbar', null)
11 SYSTEMPATH\Config\BaseService.php(258): CodeIgniter\Config\Services::toolbar()
12 APPPATH\Config\Events.php(47): CodeIgniter\Config\BaseService::__callStatic('toolbar', [])
13 SYSTEMPATH\Events\Events.php(154): CodeIgniter\Events\Events::Config\{closure}()
14 SYSTEMPATH\CodeIgniter.php(442): CodeIgniter\Events\Events::trigger('pre_system')
15 SYSTEMPATH\CodeIgniter.php(361): CodeIgniter\CodeIgniter->handleRequest(null, Object(Config\Cache), false)
16 FCPATH\index.php(79): CodeIgniter\CodeIgniter->run()
