ERROR - 2024-06-25 01:55:14 --> mysqli_sql_exception: Table 'anjungnet.properties' doesn't exist in C:\xampp\htdocs\anjungnet\system\Database\MySQLi\Connection.php:306
Stack trace:
#0 C:\xampp\htdocs\anjungnet\system\Database\MySQLi\Connection.php(306): mysqli->query('SELECT *\nFROM `...', 0)
#1 C:\xampp\htdocs\anjungnet\system\Database\BaseConnection.php(693): CodeIgniter\Database\MySQLi\Connection->execute('SELECT *\nFROM `...')
#2 C:\xampp\htdocs\anjungnet\system\Database\BaseConnection.php(607): CodeIgniter\Database\BaseConnection->simpleQuery('SELECT *\nFROM `...')
#3 C:\xampp\htdocs\anjungnet\system\Database\BaseBuilder.php(1615): CodeIgniter\Database\BaseConnection->query('SELECT *\nFROM `...', Array, false)
#4 C:\xampp\htdocs\anjungnet\system\Model.php(237): CodeIgniter\Database\BaseBuilder->get()
#5 C:\xampp\htdocs\anjungnet\system\BaseModel.php(624): CodeIgniter\Model->doFindAll(0, 0)
#6 C:\xampp\htdocs\anjungnet\Modules\AdminDashboard\Controllers\Property_c.php(15): CodeIgniter\BaseModel->findAll()
#7 C:\xampp\htdocs\anjungnet\system\CodeIgniter.php(942): Modules\AdminDashboard\Controllers\Property_c->index()
#8 C:\xampp\htdocs\anjungnet\system\CodeIgniter.php(502): CodeIgniter\CodeIgniter->runController(Object(Modules\AdminDashboard\Controllers\Property_c))
#9 C:\xampp\htdocs\anjungnet\system\CodeIgniter.php(361): CodeIgniter\CodeIgniter->handleRequest(NULL, Object(Config\Cache), false)
#10 C:\xampp\htdocs\anjungnet\public\index.php(79): CodeIgniter\CodeIgniter->run()
#11 {main}
CRITICAL - 2024-06-25 01:55:14 --> Table 'anjungnet.properties' doesn't exist
in SYSTEMPATH\Database\BaseConnection.php on line 647.
 1 SYSTEMPATH\Database\BaseBuilder.php(1615): CodeIgniter\Database\BaseConnection->query('SELECT *
FROM `properties`', [], false)
 2 SYSTEMPATH\Model.php(237): CodeIgniter\Database\BaseBuilder->get()
 3 SYSTEMPATH\BaseModel.php(624): CodeIgniter\Model->doFindAll(0, 0)
 4 ROOTPATH\Modules\AdminDashboard\Controllers\Property_c.php(15): CodeIgniter\BaseModel->findAll()
 5 SYSTEMPATH\CodeIgniter.php(942): Modules\AdminDashboard\Controllers\Property_c->index()
 6 SYSTEMPATH\CodeIgniter.php(502): CodeIgniter\CodeIgniter->runController(Object(Modules\AdminDashboard\Controllers\Property_c))
 7 SYSTEMPATH\CodeIgniter.php(361): CodeIgniter\CodeIgniter->handleRequest(null, Object(Config\Cache), false)
 8 FCPATH\index.php(79): CodeIgniter\CodeIgniter->run()
ERROR - 2024-06-25 01:55:39 --> mysqli_sql_exception: Table 'anjungnet.properties' doesn't exist in C:\xampp\htdocs\anjungnet\system\Database\MySQLi\Connection.php:306
Stack trace:
#0 C:\xampp\htdocs\anjungnet\system\Database\MySQLi\Connection.php(306): mysqli->query('SELECT *\nFROM `...', 0)
#1 C:\xampp\htdocs\anjungnet\system\Database\BaseConnection.php(693): CodeIgniter\Database\MySQLi\Connection->execute('SELECT *\nFROM `...')
#2 C:\xampp\htdocs\anjungnet\system\Database\BaseConnection.php(607): CodeIgniter\Database\BaseConnection->simpleQuery('SELECT *\nFROM `...')
#3 C:\xampp\htdocs\anjungnet\system\Database\BaseBuilder.php(1615): CodeIgniter\Database\BaseConnection->query('SELECT *\nFROM `...', Array, false)
#4 C:\xampp\htdocs\anjungnet\system\Model.php(237): CodeIgniter\Database\BaseBuilder->get()
#5 C:\xampp\htdocs\anjungnet\system\BaseModel.php(624): CodeIgniter\Model->doFindAll(0, 0)
#6 C:\xampp\htdocs\anjungnet\Modules\AdminDashboard\Controllers\Property_c.php(15): CodeIgniter\BaseModel->findAll()
#7 C:\xampp\htdocs\anjungnet\system\CodeIgniter.php(942): Modules\AdminDashboard\Controllers\Property_c->index()
#8 C:\xampp\htdocs\anjungnet\system\CodeIgniter.php(502): CodeIgniter\CodeIgniter->runController(Object(Modules\AdminDashboard\Controllers\Property_c))
#9 C:\xampp\htdocs\anjungnet\system\CodeIgniter.php(361): CodeIgniter\CodeIgniter->handleRequest(NULL, Object(Config\Cache), false)
#10 C:\xampp\htdocs\anjungnet\public\index.php(79): CodeIgniter\CodeIgniter->run()
#11 {main}
CRITICAL - 2024-06-25 01:55:39 --> Table 'anjungnet.properties' doesn't exist
in SYSTEMPATH\Database\BaseConnection.php on line 647.
 1 SYSTEMPATH\Database\BaseBuilder.php(1615): CodeIgniter\Database\BaseConnection->query('SELECT *
FROM `properties`', [], false)
 2 SYSTEMPATH\Model.php(237): CodeIgniter\Database\BaseBuilder->get()
 3 SYSTEMPATH\BaseModel.php(624): CodeIgniter\Model->doFindAll(0, 0)
 4 ROOTPATH\Modules\AdminDashboard\Controllers\Property_c.php(15): CodeIgniter\BaseModel->findAll()
 5 SYSTEMPATH\CodeIgniter.php(942): Modules\AdminDashboard\Controllers\Property_c->index()
 6 SYSTEMPATH\CodeIgniter.php(502): CodeIgniter\CodeIgniter->runController(Object(Modules\AdminDashboard\Controllers\Property_c))
 7 SYSTEMPATH\CodeIgniter.php(361): CodeIgniter\CodeIgniter->handleRequest(null, Object(Config\Cache), false)
 8 FCPATH\index.php(79): CodeIgniter\CodeIgniter->run()
ERROR - 2024-06-25 02:02:51 --> mysqli_sql_exception: Table 'anjungnet.properties' doesn't exist in C:\xampp\htdocs\anjungnet\system\Database\MySQLi\Connection.php:306
Stack trace:
#0 C:\xampp\htdocs\anjungnet\system\Database\MySQLi\Connection.php(306): mysqli->query('SELECT *\nFROM `...', 0)
#1 C:\xampp\htdocs\anjungnet\system\Database\BaseConnection.php(693): CodeIgniter\Database\MySQLi\Connection->execute('SELECT *\nFROM `...')
#2 C:\xampp\htdocs\anjungnet\system\Database\BaseConnection.php(607): CodeIgniter\Database\BaseConnection->simpleQuery('SELECT *\nFROM `...')
#3 C:\xampp\htdocs\anjungnet\system\Database\BaseBuilder.php(1615): CodeIgniter\Database\BaseConnection->query('SELECT *\nFROM `...', Array, false)
#4 C:\xampp\htdocs\anjungnet\system\Model.php(237): CodeIgniter\Database\BaseBuilder->get()
#5 C:\xampp\htdocs\anjungnet\system\BaseModel.php(624): CodeIgniter\Model->doFindAll(0, 0)
#6 C:\xampp\htdocs\anjungnet\Modules\AdminDashboard\Controllers\Property_c.php(15): CodeIgniter\BaseModel->findAll()
#7 C:\xampp\htdocs\anjungnet\system\CodeIgniter.php(942): Modules\AdminDashboard\Controllers\Property_c->index()
#8 C:\xampp\htdocs\anjungnet\system\CodeIgniter.php(502): CodeIgniter\CodeIgniter->runController(Object(Modules\AdminDashboard\Controllers\Property_c))
#9 C:\xampp\htdocs\anjungnet\system\CodeIgniter.php(361): CodeIgniter\CodeIgniter->handleRequest(NULL, Object(Config\Cache), false)
#10 C:\xampp\htdocs\anjungnet\public\index.php(79): CodeIgniter\CodeIgniter->run()
#11 {main}
CRITICAL - 2024-06-25 02:02:51 --> Table 'anjungnet.properties' doesn't exist
in SYSTEMPATH\Database\BaseConnection.php on line 647.
 1 SYSTEMPATH\Database\BaseBuilder.php(1615): CodeIgniter\Database\BaseConnection->query('SELECT *
FROM `properties`', [], false)
 2 SYSTEMPATH\Model.php(237): CodeIgniter\Database\BaseBuilder->get()
 3 SYSTEMPATH\BaseModel.php(624): CodeIgniter\Model->doFindAll(0, 0)
 4 ROOTPATH\Modules\AdminDashboard\Controllers\Property_c.php(15): CodeIgniter\BaseModel->findAll()
 5 SYSTEMPATH\CodeIgniter.php(942): Modules\AdminDashboard\Controllers\Property_c->index()
 6 SYSTEMPATH\CodeIgniter.php(502): CodeIgniter\CodeIgniter->runController(Object(Modules\AdminDashboard\Controllers\Property_c))
 7 SYSTEMPATH\CodeIgniter.php(361): CodeIgniter\CodeIgniter->handleRequest(null, Object(Config\Cache), false)
 8 FCPATH\index.php(79): CodeIgniter\CodeIgniter->run()
ERROR - 2024-06-25 02:05:20 --> mysqli_sql_exception: Table 'anjungnet.properties' doesn't exist in C:\xampp\htdocs\anjungnet\system\Database\MySQLi\Connection.php:306
Stack trace:
#0 C:\xampp\htdocs\anjungnet\system\Database\MySQLi\Connection.php(306): mysqli->query('SELECT *\nFROM `...', 0)
#1 C:\xampp\htdocs\anjungnet\system\Database\BaseConnection.php(693): CodeIgniter\Database\MySQLi\Connection->execute('SELECT *\nFROM `...')
#2 C:\xampp\htdocs\anjungnet\system\Database\BaseConnection.php(607): CodeIgniter\Database\BaseConnection->simpleQuery('SELECT *\nFROM `...')
#3 C:\xampp\htdocs\anjungnet\system\Database\BaseBuilder.php(1615): CodeIgniter\Database\BaseConnection->query('SELECT *\nFROM `...', Array, false)
#4 C:\xampp\htdocs\anjungnet\system\Model.php(237): CodeIgniter\Database\BaseBuilder->get()
#5 C:\xampp\htdocs\anjungnet\system\BaseModel.php(624): CodeIgniter\Model->doFindAll(0, 0)
#6 C:\xampp\htdocs\anjungnet\Modules\AdminDashboard\Controllers\Property_c.php(15): CodeIgniter\BaseModel->findAll()
#7 C:\xampp\htdocs\anjungnet\system\CodeIgniter.php(942): Modules\AdminDashboard\Controllers\Property_c->index()
#8 C:\xampp\htdocs\anjungnet\system\CodeIgniter.php(502): CodeIgniter\CodeIgniter->runController(Object(Modules\AdminDashboard\Controllers\Property_c))
#9 C:\xampp\htdocs\anjungnet\system\CodeIgniter.php(361): CodeIgniter\CodeIgniter->handleRequest(NULL, Object(Config\Cache), false)
#10 C:\xampp\htdocs\anjungnet\public\index.php(79): CodeIgniter\CodeIgniter->run()
#11 {main}
CRITICAL - 2024-06-25 02:05:20 --> Table 'anjungnet.properties' doesn't exist
in SYSTEMPATH\Database\BaseConnection.php on line 647.
 1 SYSTEMPATH\Database\BaseBuilder.php(1615): CodeIgniter\Database\BaseConnection->query('SELECT *
FROM `properties`', [], false)
 2 SYSTEMPATH\Model.php(237): CodeIgniter\Database\BaseBuilder->get()
 3 SYSTEMPATH\BaseModel.php(624): CodeIgniter\Model->doFindAll(0, 0)
 4 ROOTPATH\Modules\AdminDashboard\Controllers\Property_c.php(15): CodeIgniter\BaseModel->findAll()
 5 SYSTEMPATH\CodeIgniter.php(942): Modules\AdminDashboard\Controllers\Property_c->index()
 6 SYSTEMPATH\CodeIgniter.php(502): CodeIgniter\CodeIgniter->runController(Object(Modules\AdminDashboard\Controllers\Property_c))
 7 SYSTEMPATH\CodeIgniter.php(361): CodeIgniter\CodeIgniter->handleRequest(null, Object(Config\Cache), false)
 8 FCPATH\index.php(79): CodeIgniter\CodeIgniter->run()
ERROR - 2024-06-25 02:05:54 --> mysqli_sql_exception: Table 'anjungnet.properties' doesn't exist in C:\xampp\htdocs\anjungnet\system\Database\MySQLi\Connection.php:306
Stack trace:
#0 C:\xampp\htdocs\anjungnet\system\Database\MySQLi\Connection.php(306): mysqli->query('SELECT *\nFROM `...', 0)
#1 C:\xampp\htdocs\anjungnet\system\Database\BaseConnection.php(693): CodeIgniter\Database\MySQLi\Connection->execute('SELECT *\nFROM `...')
#2 C:\xampp\htdocs\anjungnet\system\Database\BaseConnection.php(607): CodeIgniter\Database\BaseConnection->simpleQuery('SELECT *\nFROM `...')
#3 C:\xampp\htdocs\anjungnet\system\Database\BaseBuilder.php(1615): CodeIgniter\Database\BaseConnection->query('SELECT *\nFROM `...', Array, false)
#4 C:\xampp\htdocs\anjungnet\system\Model.php(237): CodeIgniter\Database\BaseBuilder->get()
#5 C:\xampp\htdocs\anjungnet\system\BaseModel.php(624): CodeIgniter\Model->doFindAll(0, 0)
#6 C:\xampp\htdocs\anjungnet\Modules\AdminDashboard\Controllers\Property_c.php(15): CodeIgniter\BaseModel->findAll()
#7 C:\xampp\htdocs\anjungnet\system\CodeIgniter.php(942): Modules\AdminDashboard\Controllers\Property_c->index()
#8 C:\xampp\htdocs\anjungnet\system\CodeIgniter.php(502): CodeIgniter\CodeIgniter->runController(Object(Modules\AdminDashboard\Controllers\Property_c))
#9 C:\xampp\htdocs\anjungnet\system\CodeIgniter.php(361): CodeIgniter\CodeIgniter->handleRequest(NULL, Object(Config\Cache), false)
#10 C:\xampp\htdocs\anjungnet\public\index.php(79): CodeIgniter\CodeIgniter->run()
#11 {main}
CRITICAL - 2024-06-25 02:05:54 --> Table 'anjungnet.properties' doesn't exist
in SYSTEMPATH\Database\BaseConnection.php on line 647.
 1 SYSTEMPATH\Database\BaseBuilder.php(1615): CodeIgniter\Database\BaseConnection->query('SELECT *
FROM `properties`', [], false)
 2 SYSTEMPATH\Model.php(237): CodeIgniter\Database\BaseBuilder->get()
 3 SYSTEMPATH\BaseModel.php(624): CodeIgniter\Model->doFindAll(0, 0)
 4 ROOTPATH\Modules\AdminDashboard\Controllers\Property_c.php(15): CodeIgniter\BaseModel->findAll()
 5 SYSTEMPATH\CodeIgniter.php(942): Modules\AdminDashboard\Controllers\Property_c->index()
 6 SYSTEMPATH\CodeIgniter.php(502): CodeIgniter\CodeIgniter->runController(Object(Modules\AdminDashboard\Controllers\Property_c))
 7 SYSTEMPATH\CodeIgniter.php(361): CodeIgniter\CodeIgniter->handleRequest(null, Object(Config\Cache), false)
 8 FCPATH\index.php(79): CodeIgniter\CodeIgniter->run()
ERROR - 2024-06-25 02:06:38 --> mysqli_sql_exception: Table 'anjungnet.properties' doesn't exist in C:\xampp\htdocs\anjungnet\system\Database\MySQLi\Connection.php:306
Stack trace:
#0 C:\xampp\htdocs\anjungnet\system\Database\MySQLi\Connection.php(306): mysqli->query('SELECT *\nFROM `...', 0)
#1 C:\xampp\htdocs\anjungnet\system\Database\BaseConnection.php(693): CodeIgniter\Database\MySQLi\Connection->execute('SELECT *\nFROM `...')
#2 C:\xampp\htdocs\anjungnet\system\Database\BaseConnection.php(607): CodeIgniter\Database\BaseConnection->simpleQuery('SELECT *\nFROM `...')
#3 C:\xampp\htdocs\anjungnet\system\Database\BaseBuilder.php(1615): CodeIgniter\Database\BaseConnection->query('SELECT *\nFROM `...', Array, false)
#4 C:\xampp\htdocs\anjungnet\system\Model.php(237): CodeIgniter\Database\BaseBuilder->get()
#5 C:\xampp\htdocs\anjungnet\system\BaseModel.php(624): CodeIgniter\Model->doFindAll(0, 0)
#6 C:\xampp\htdocs\anjungnet\Modules\AdminDashboard\Controllers\Property_c.php(15): CodeIgniter\BaseModel->findAll()
#7 C:\xampp\htdocs\anjungnet\system\CodeIgniter.php(942): Modules\AdminDashboard\Controllers\Property_c->index()
#8 C:\xampp\htdocs\anjungnet\system\CodeIgniter.php(502): CodeIgniter\CodeIgniter->runController(Object(Modules\AdminDashboard\Controllers\Property_c))
#9 C:\xampp\htdocs\anjungnet\system\CodeIgniter.php(361): CodeIgniter\CodeIgniter->handleRequest(NULL, Object(Config\Cache), false)
#10 C:\xampp\htdocs\anjungnet\public\index.php(79): CodeIgniter\CodeIgniter->run()
#11 {main}
CRITICAL - 2024-06-25 02:06:38 --> Table 'anjungnet.properties' doesn't exist
in SYSTEMPATH\Database\BaseConnection.php on line 647.
 1 SYSTEMPATH\Database\BaseBuilder.php(1615): CodeIgniter\Database\BaseConnection->query('SELECT *
FROM `properties`', [], false)
 2 SYSTEMPATH\Model.php(237): CodeIgniter\Database\BaseBuilder->get()
 3 SYSTEMPATH\BaseModel.php(624): CodeIgniter\Model->doFindAll(0, 0)
 4 ROOTPATH\Modules\AdminDashboard\Controllers\Property_c.php(15): CodeIgniter\BaseModel->findAll()
 5 SYSTEMPATH\CodeIgniter.php(942): Modules\AdminDashboard\Controllers\Property_c->index()
 6 SYSTEMPATH\CodeIgniter.php(502): CodeIgniter\CodeIgniter->runController(Object(Modules\AdminDashboard\Controllers\Property_c))
 7 SYSTEMPATH\CodeIgniter.php(361): CodeIgniter\CodeIgniter->handleRequest(null, Object(Config\Cache), false)
 8 FCPATH\index.php(79): CodeIgniter\CodeIgniter->run()
ERROR - 2024-06-25 02:08:34 --> mysqli_sql_exception: Table 'anjungnet.properties' doesn't exist in C:\xampp\htdocs\anjungnet\system\Database\MySQLi\Connection.php:306
Stack trace:
#0 C:\xampp\htdocs\anjungnet\system\Database\MySQLi\Connection.php(306): mysqli->query('SELECT *\nFROM `...', 0)
#1 C:\xampp\htdocs\anjungnet\system\Database\BaseConnection.php(693): CodeIgniter\Database\MySQLi\Connection->execute('SELECT *\nFROM `...')
#2 C:\xampp\htdocs\anjungnet\system\Database\BaseConnection.php(607): CodeIgniter\Database\BaseConnection->simpleQuery('SELECT *\nFROM `...')
#3 C:\xampp\htdocs\anjungnet\system\Database\BaseBuilder.php(1615): CodeIgniter\Database\BaseConnection->query('SELECT *\nFROM `...', Array, false)
#4 C:\xampp\htdocs\anjungnet\system\Model.php(237): CodeIgniter\Database\BaseBuilder->get()
#5 C:\xampp\htdocs\anjungnet\system\BaseModel.php(624): CodeIgniter\Model->doFindAll(0, 0)
#6 C:\xampp\htdocs\anjungnet\Modules\AdminDashboard\Controllers\Property_c.php(15): CodeIgniter\BaseModel->findAll()
#7 C:\xampp\htdocs\anjungnet\system\CodeIgniter.php(942): Modules\AdminDashboard\Controllers\Property_c->index()
#8 C:\xampp\htdocs\anjungnet\system\CodeIgniter.php(502): CodeIgniter\CodeIgniter->runController(Object(Modules\AdminDashboard\Controllers\Property_c))
#9 C:\xampp\htdocs\anjungnet\system\CodeIgniter.php(361): CodeIgniter\CodeIgniter->handleRequest(NULL, Object(Config\Cache), false)
#10 C:\xampp\htdocs\anjungnet\public\index.php(79): CodeIgniter\CodeIgniter->run()
#11 {main}
CRITICAL - 2024-06-25 02:08:34 --> Table 'anjungnet.properties' doesn't exist
in SYSTEMPATH\Database\BaseConnection.php on line 647.
 1 SYSTEMPATH\Database\BaseBuilder.php(1615): CodeIgniter\Database\BaseConnection->query('SELECT *
FROM `properties`', [], false)
 2 SYSTEMPATH\Model.php(237): CodeIgniter\Database\BaseBuilder->get()
 3 SYSTEMPATH\BaseModel.php(624): CodeIgniter\Model->doFindAll(0, 0)
 4 ROOTPATH\Modules\AdminDashboard\Controllers\Property_c.php(15): CodeIgniter\BaseModel->findAll()
 5 SYSTEMPATH\CodeIgniter.php(942): Modules\AdminDashboard\Controllers\Property_c->index()
 6 SYSTEMPATH\CodeIgniter.php(502): CodeIgniter\CodeIgniter->runController(Object(Modules\AdminDashboard\Controllers\Property_c))
 7 SYSTEMPATH\CodeIgniter.php(361): CodeIgniter\CodeIgniter->handleRequest(null, Object(Config\Cache), false)
 8 FCPATH\index.php(79): CodeIgniter\CodeIgniter->run()
ERROR - 2024-06-25 02:08:56 --> mysqli_sql_exception: Table 'anjungnet.properties' doesn't exist in C:\xampp\htdocs\anjungnet\system\Database\MySQLi\Connection.php:306
Stack trace:
#0 C:\xampp\htdocs\anjungnet\system\Database\MySQLi\Connection.php(306): mysqli->query('SELECT *\nFROM `...', 0)
#1 C:\xampp\htdocs\anjungnet\system\Database\BaseConnection.php(693): CodeIgniter\Database\MySQLi\Connection->execute('SELECT *\nFROM `...')
#2 C:\xampp\htdocs\anjungnet\system\Database\BaseConnection.php(607): CodeIgniter\Database\BaseConnection->simpleQuery('SELECT *\nFROM `...')
#3 C:\xampp\htdocs\anjungnet\system\Database\BaseBuilder.php(1615): CodeIgniter\Database\BaseConnection->query('SELECT *\nFROM `...', Array, false)
#4 C:\xampp\htdocs\anjungnet\system\Model.php(237): CodeIgniter\Database\BaseBuilder->get()
#5 C:\xampp\htdocs\anjungnet\system\BaseModel.php(624): CodeIgniter\Model->doFindAll(0, 0)
#6 C:\xampp\htdocs\anjungnet\Modules\AdminDashboard\Controllers\Property_c.php(15): CodeIgniter\BaseModel->findAll()
#7 C:\xampp\htdocs\anjungnet\system\CodeIgniter.php(942): Modules\AdminDashboard\Controllers\Property_c->index()
#8 C:\xampp\htdocs\anjungnet\system\CodeIgniter.php(502): CodeIgniter\CodeIgniter->runController(Object(Modules\AdminDashboard\Controllers\Property_c))
#9 C:\xampp\htdocs\anjungnet\system\CodeIgniter.php(361): CodeIgniter\CodeIgniter->handleRequest(NULL, Object(Config\Cache), false)
#10 C:\xampp\htdocs\anjungnet\public\index.php(79): CodeIgniter\CodeIgniter->run()
#11 {main}
CRITICAL - 2024-06-25 02:08:56 --> Table 'anjungnet.properties' doesn't exist
in SYSTEMPATH\Database\BaseConnection.php on line 647.
 1 SYSTEMPATH\Database\BaseBuilder.php(1615): CodeIgniter\Database\BaseConnection->query('SELECT *
FROM `properties`', [], false)
 2 SYSTEMPATH\Model.php(237): CodeIgniter\Database\BaseBuilder->get()
 3 SYSTEMPATH\BaseModel.php(624): CodeIgniter\Model->doFindAll(0, 0)
 4 ROOTPATH\Modules\AdminDashboard\Controllers\Property_c.php(15): CodeIgniter\BaseModel->findAll()
 5 SYSTEMPATH\CodeIgniter.php(942): Modules\AdminDashboard\Controllers\Property_c->index()
 6 SYSTEMPATH\CodeIgniter.php(502): CodeIgniter\CodeIgniter->runController(Object(Modules\AdminDashboard\Controllers\Property_c))
 7 SYSTEMPATH\CodeIgniter.php(361): CodeIgniter\CodeIgniter->handleRequest(null, Object(Config\Cache), false)
 8 FCPATH\index.php(79): CodeIgniter\CodeIgniter->run()
ERROR - 2024-06-25 02:21:42 --> mysqli_sql_exception: Table 'inteam2.user_login' doesn't exist in C:\xampp\htdocs\anjungnet\system\Database\MySQLi\Connection.php:306
Stack trace:
#0 C:\xampp\htdocs\anjungnet\system\Database\MySQLi\Connection.php(306): mysqli->query('SELECT *\nFROM `...', 0)
#1 C:\xampp\htdocs\anjungnet\system\Database\BaseConnection.php(693): CodeIgniter\Database\MySQLi\Connection->execute('SELECT *\nFROM `...')
#2 C:\xampp\htdocs\anjungnet\system\Database\BaseConnection.php(607): CodeIgniter\Database\BaseConnection->simpleQuery('SELECT *\nFROM `...')
#3 C:\xampp\htdocs\anjungnet\system\Database\BaseBuilder.php(1615): CodeIgniter\Database\BaseConnection->query('SELECT *\nFROM `...', Array, false)
#4 C:\xampp\htdocs\anjungnet\system\Model.php(237): CodeIgniter\Database\BaseBuilder->get()
#5 C:\xampp\htdocs\anjungnet\system\BaseModel.php(624): CodeIgniter\Model->doFindAll(0, 0)
#6 C:\xampp\htdocs\anjungnet\Modules\AdminDashboard\Controllers\Home_c.php(15): CodeIgniter\BaseModel->findAll()
#7 C:\xampp\htdocs\anjungnet\system\CodeIgniter.php(942): Modules\AdminDashboard\Controllers\Home_c->index()
#8 C:\xampp\htdocs\anjungnet\system\CodeIgniter.php(502): CodeIgniter\CodeIgniter->runController(Object(Modules\AdminDashboard\Controllers\Home_c))
#9 C:\xampp\htdocs\anjungnet\system\CodeIgniter.php(361): CodeIgniter\CodeIgniter->handleRequest(NULL, Object(Config\Cache), false)
#10 C:\xampp\htdocs\anjungnet\public\index.php(79): CodeIgniter\CodeIgniter->run()
#11 {main}
CRITICAL - 2024-06-25 02:21:42 --> Table 'inteam2.user_login' doesn't exist
in SYSTEMPATH\Database\BaseConnection.php on line 647.
 1 SYSTEMPATH\Database\BaseBuilder.php(1615): CodeIgniter\Database\BaseConnection->query('SELECT *
FROM `user_login`', [], false)
 2 SYSTEMPATH\Model.php(237): CodeIgniter\Database\BaseBuilder->get()
 3 SYSTEMPATH\BaseModel.php(624): CodeIgniter\Model->doFindAll(0, 0)
 4 ROOTPATH\Modules\AdminDashboard\Controllers\Home_c.php(15): CodeIgniter\BaseModel->findAll()
 5 SYSTEMPATH\CodeIgniter.php(942): Modules\AdminDashboard\Controllers\Home_c->index()
 6 SYSTEMPATH\CodeIgniter.php(502): CodeIgniter\CodeIgniter->runController(Object(Modules\AdminDashboard\Controllers\Home_c))
 7 SYSTEMPATH\CodeIgniter.php(361): CodeIgniter\CodeIgniter->handleRequest(null, Object(Config\Cache), false)
 8 FCPATH\index.php(79): CodeIgniter\CodeIgniter->run()
CRITICAL - 2024-06-25 02:25:30 --> Undefined variable: properties
in APPPATH\Views\property\index.php on line 16.
 1 APPPATH\Views\property\index.php(16): CodeIgniter\Debug\Exceptions->errorHandler(8, 'Undefined variable: properties', 'C:\\xampp\\htdocs\\anjungnet\\app\\Views\\property\\index.php', 16, [...])
 2 SYSTEMPATH\View\View.php(228): include('C:\\xampp\\htdocs\\anjungnet\\app\\Views\\property\\index.php')
 3 SYSTEMPATH\View\View.php(231): CodeIgniter\View\View->CodeIgniter\View\{closure}()
 4 SYSTEMPATH\Common.php(1190): CodeIgniter\View\View->render('property/index', [], true)
 5 ROOTPATH\Modules\AdminDashboard\Controllers\Home_c.php(16): view('property/index', [...])
 6 SYSTEMPATH\CodeIgniter.php(942): Modules\AdminDashboard\Controllers\Home_c->index()
 7 SYSTEMPATH\CodeIgniter.php(502): CodeIgniter\CodeIgniter->runController(Object(Modules\AdminDashboard\Controllers\Home_c))
 8 SYSTEMPATH\CodeIgniter.php(361): CodeIgniter\CodeIgniter->handleRequest(null, Object(Config\Cache), false)
 9 FCPATH\index.php(79): CodeIgniter\CodeIgniter->run()
CRITICAL - 2024-06-25 04:21:08 --> Undefined variable: count_AOFM3
in APPPATH\Views\AdminDashboard\index.php on line 53.
 1 APPPATH\Views\AdminDashboard\index.php(53): CodeIgniter\Debug\Exceptions->errorHandler(8, 'Undefined variable: count_AOFM3', 'C:\\xampp\\htdocs\\anjungnet\\app\\Views\\AdminDashboard\\index.php', 53, [...])
 2 SYSTEMPATH\View\View.php(228): include('C:\\xampp\\htdocs\\anjungnet\\app\\Views\\AdminDashboard\\index.php')
 3 SYSTEMPATH\View\View.php(231): CodeIgniter\View\View->CodeIgniter\View\{closure}()
 4 SYSTEMPATH\Common.php(1190): CodeIgniter\View\View->render('AdminDashboard/index', [], true)
 5 ROOTPATH\Modules\AdminDashboard\Controllers\Home_c.php(16): view('AdminDashboard/index', [...])
 6 SYSTEMPATH\CodeIgniter.php(942): Modules\AdminDashboard\Controllers\Home_c->index()
 7 SYSTEMPATH\CodeIgniter.php(502): CodeIgniter\CodeIgniter->runController(Object(Modules\AdminDashboard\Controllers\Home_c))
 8 SYSTEMPATH\CodeIgniter.php(361): CodeIgniter\CodeIgniter->handleRequest(null, Object(Config\Cache), false)
 9 FCPATH\index.php(79): CodeIgniter\CodeIgniter->run()
CRITICAL - 2024-06-25 07:58:11 --> Array to string conversion
in APPPATH\Views\AdminDashboard\index.php on line 36.
 1 APPPATH\Views\AdminDashboard\index.php(36): CodeIgniter\Debug\Exceptions->errorHandler(8, 'Array to string conversion', 'C:\\xampp\\htdocs\\anjungnet\\app\\Views\\AdminDashboard\\index.php', 36, [...])
 2 SYSTEMPATH\View\View.php(228): include('C:\\xampp\\htdocs\\anjungnet\\app\\Views\\AdminDashboard\\index.php')
 3 SYSTEMPATH\View\View.php(231): CodeIgniter\View\View->CodeIgniter\View\{closure}()
 4 SYSTEMPATH\Common.php(1190): CodeIgniter\View\View->render('AdminDashboard/index', [], true)
 5 ROOTPATH\Modules\AdminDashboard\Controllers\Home_c.php(16): view('AdminDashboard/index', [...])
 6 SYSTEMPATH\CodeIgniter.php(942): Modules\AdminDashboard\Controllers\Home_c->index()
 7 SYSTEMPATH\CodeIgniter.php(502): CodeIgniter\CodeIgniter->runController(Object(Modules\AdminDashboard\Controllers\Home_c))
 8 SYSTEMPATH\CodeIgniter.php(361): CodeIgniter\CodeIgniter->handleRequest(null, Object(Config\Cache), false)
 9 FCPATH\index.php(79): CodeIgniter\CodeIgniter->run()
CRITICAL - 2024-06-25 08:30:21 --> Class 'Modules\AdminDashboard\Controllers\Home_m' not found
in ROOTPATH\Modules\AdminDashboard\Controllers\Home_c.php on line 17.
 1 SYSTEMPATH\CodeIgniter.php(942): Modules\AdminDashboard\Controllers\Home_c->index()
 2 SYSTEMPATH\CodeIgniter.php(502): CodeIgniter\CodeIgniter->runController(Object(Modules\AdminDashboard\Controllers\Home_c))
 3 SYSTEMPATH\CodeIgniter.php(361): CodeIgniter\CodeIgniter->handleRequest(null, Object(Config\Cache), false)
 4 FCPATH\index.php(79): CodeIgniter\CodeIgniter->run()
CRITICAL - 2024-06-25 08:30:52 --> Class 'Modules\AdminDashboard\Controllers\Home_m' not found
in ROOTPATH\Modules\AdminDashboard\Controllers\Home_c.php on line 17.
 1 SYSTEMPATH\CodeIgniter.php(942): Modules\AdminDashboard\Controllers\Home_c->index()
 2 SYSTEMPATH\CodeIgniter.php(502): CodeIgniter\CodeIgniter->runController(Object(Modules\AdminDashboard\Controllers\Home_c))
 3 SYSTEMPATH\CodeIgniter.php(361): CodeIgniter\CodeIgniter->handleRequest(null, Object(Config\Cache), false)
 4 FCPATH\index.php(79): CodeIgniter\CodeIgniter->run()
CRITICAL - 2024-06-25 08:32:07 --> anjungnet is not a valid database connection group.
in SYSTEMPATH\Database\Config.php on line 71.
 1 SYSTEMPATH\Model.php(151): CodeIgniter\Database\Config::connect('anjungnet')
 2 ROOTPATH\Modules\AdminDashboard\Models\Home_m.php(21): CodeIgniter\Model->__construct()
 3 ROOTPATH\Modules\AdminDashboard\Controllers\Home_c.php(18): Modules\AdminDashboard\Models\Home_m->__construct()
 4 SYSTEMPATH\CodeIgniter.php(942): Modules\AdminDashboard\Controllers\Home_c->index()
 5 SYSTEMPATH\CodeIgniter.php(502): CodeIgniter\CodeIgniter->runController(Object(Modules\AdminDashboard\Controllers\Home_c))
 6 SYSTEMPATH\CodeIgniter.php(361): CodeIgniter\CodeIgniter->handleRequest(null, Object(Config\Cache), false)
 7 FCPATH\index.php(79): CodeIgniter\CodeIgniter->run()
CRITICAL - 2024-06-25 08:33:20 --> anjungnet is not a valid database connection group.
in SYSTEMPATH\Database\Config.php on line 71.
 1 ROOTPATH\Modules\AdminDashboard\Models\Home_m.php(22): CodeIgniter\Database\Config::connect('anjungnet')
 2 ROOTPATH\Modules\AdminDashboard\Controllers\Home_c.php(18): Modules\AdminDashboard\Models\Home_m->__construct()
 3 SYSTEMPATH\CodeIgniter.php(942): Modules\AdminDashboard\Controllers\Home_c->index()
 4 SYSTEMPATH\CodeIgniter.php(502): CodeIgniter\CodeIgniter->runController(Object(Modules\AdminDashboard\Controllers\Home_c))
 5 SYSTEMPATH\CodeIgniter.php(361): CodeIgniter\CodeIgniter->handleRequest(null, Object(Config\Cache), false)
 6 FCPATH\index.php(79): CodeIgniter\CodeIgniter->run()
CRITICAL - 2024-06-25 08:33:22 --> anjungnet is not a valid database connection group.
in SYSTEMPATH\Database\Config.php on line 71.
 1 ROOTPATH\Modules\AdminDashboard\Models\Home_m.php(22): CodeIgniter\Database\Config::connect('anjungnet')
 2 ROOTPATH\Modules\AdminDashboard\Controllers\Home_c.php(18): Modules\AdminDashboard\Models\Home_m->__construct()
 3 SYSTEMPATH\CodeIgniter.php(942): Modules\AdminDashboard\Controllers\Home_c->index()
 4 SYSTEMPATH\CodeIgniter.php(502): CodeIgniter\CodeIgniter->runController(Object(Modules\AdminDashboard\Controllers\Home_c))
 5 SYSTEMPATH\CodeIgniter.php(361): CodeIgniter\CodeIgniter->handleRequest(null, Object(Config\Cache), false)
 6 FCPATH\index.php(79): CodeIgniter\CodeIgniter->run()
CRITICAL - 2024-06-25 08:34:02 --> anjungnet is not a valid database connection group.
in SYSTEMPATH\Database\Config.php on line 71.
 1 ROOTPATH\Modules\AdminDashboard\Models\Home_m.php(22): CodeIgniter\Database\Config::connect('anjungnet')
 2 ROOTPATH\Modules\AdminDashboard\Controllers\Home_c.php(18): Modules\AdminDashboard\Models\Home_m->__construct()
 3 SYSTEMPATH\CodeIgniter.php(942): Modules\AdminDashboard\Controllers\Home_c->index()
 4 SYSTEMPATH\CodeIgniter.php(502): CodeIgniter\CodeIgniter->runController(Object(Modules\AdminDashboard\Controllers\Home_c))
 5 SYSTEMPATH\CodeIgniter.php(361): CodeIgniter\CodeIgniter->handleRequest(null, Object(Config\Cache), false)
 6 FCPATH\index.php(79): CodeIgniter\CodeIgniter->run()
CRITICAL - 2024-06-25 08:34:04 --> anjungnet is not a valid database connection group.
in SYSTEMPATH\Database\Config.php on line 71.
 1 ROOTPATH\Modules\AdminDashboard\Models\Home_m.php(22): CodeIgniter\Database\Config::connect('anjungnet')
 2 ROOTPATH\Modules\AdminDashboard\Controllers\Home_c.php(18): Modules\AdminDashboard\Models\Home_m->__construct()
 3 SYSTEMPATH\CodeIgniter.php(942): Modules\AdminDashboard\Controllers\Home_c->index()
 4 SYSTEMPATH\CodeIgniter.php(502): CodeIgniter\CodeIgniter->runController(Object(Modules\AdminDashboard\Controllers\Home_c))
 5 SYSTEMPATH\CodeIgniter.php(361): CodeIgniter\CodeIgniter->handleRequest(null, Object(Config\Cache), false)
 6 FCPATH\index.php(79): CodeIgniter\CodeIgniter->run()
CRITICAL - 2024-06-25 08:52:14 --> anjungnet is not a valid database connection group.
in SYSTEMPATH\Database\Config.php on line 71.
 1 ROOTPATH\Modules\AdminDashboard\Models\Home_m.php(22): CodeIgniter\Database\Config::connect('anjungnet')
 2 ROOTPATH\Modules\AdminDashboard\Controllers\Home_c.php(18): Modules\AdminDashboard\Models\Home_m->__construct()
 3 SYSTEMPATH\CodeIgniter.php(942): Modules\AdminDashboard\Controllers\Home_c->index()
 4 SYSTEMPATH\CodeIgniter.php(502): CodeIgniter\CodeIgniter->runController(Object(Modules\AdminDashboard\Controllers\Home_c))
 5 SYSTEMPATH\CodeIgniter.php(361): CodeIgniter\CodeIgniter->handleRequest(null, Object(Config\Cache), false)
 6 FCPATH\index.php(79): CodeIgniter\CodeIgniter->run()
CRITICAL - 2024-06-25 08:53:28 --> anjungnet is not a valid database connection group.
in SYSTEMPATH\Database\Config.php on line 71.
 1 SYSTEMPATH\Model.php(151): CodeIgniter\Database\Config::connect('anjungnet')
 2 ROOTPATH\Modules\AdminDashboard\Models\Home_m.php(21): CodeIgniter\Model->__construct()
 3 ROOTPATH\Modules\AdminDashboard\Controllers\Home_c.php(18): Modules\AdminDashboard\Models\Home_m->__construct()
 4 SYSTEMPATH\CodeIgniter.php(942): Modules\AdminDashboard\Controllers\Home_c->index()
 5 SYSTEMPATH\CodeIgniter.php(502): CodeIgniter\CodeIgniter->runController(Object(Modules\AdminDashboard\Controllers\Home_c))
 6 SYSTEMPATH\CodeIgniter.php(361): CodeIgniter\CodeIgniter->handleRequest(null, Object(Config\Cache), false)
 7 FCPATH\index.php(79): CodeIgniter\CodeIgniter->run()
CRITICAL - 2024-06-25 09:04:28 --> anjungnet is not a valid database connection group.
in SYSTEMPATH\Database\Config.php on line 71.
 1 SYSTEMPATH\Model.php(151): CodeIgniter\Database\Config::connect('anjungnet')
 2 ROOTPATH\Modules\AdminDashboard\Models\Home_m.php(20): CodeIgniter\Model->__construct()
 3 ROOTPATH\Modules\AdminDashboard\Controllers\Home_c.php(18): Modules\AdminDashboard\Models\Home_m->__construct()
 4 SYSTEMPATH\CodeIgniter.php(942): Modules\AdminDashboard\Controllers\Home_c->index()
 5 SYSTEMPATH\CodeIgniter.php(502): CodeIgniter\CodeIgniter->runController(Object(Modules\AdminDashboard\Controllers\Home_c))
 6 SYSTEMPATH\CodeIgniter.php(361): CodeIgniter\CodeIgniter->handleRequest(null, Object(Config\Cache), false)
 7 FCPATH\index.php(79): CodeIgniter\CodeIgniter->run()
ERROR - 2024-06-25 09:07:54 --> mysqli_sql_exception: Table 'anjungnet.role' doesn't exist in C:\xampp\htdocs\anjungnet\system\Database\MySQLi\Connection.php:306
Stack trace:
#0 C:\xampp\htdocs\anjungnet\system\Database\MySQLi\Connection.php(306): mysqli->query('SELECT *\nFROM `...', 0)
#1 C:\xampp\htdocs\anjungnet\system\Database\BaseConnection.php(693): CodeIgniter\Database\MySQLi\Connection->execute('SELECT *\nFROM `...')
#2 C:\xampp\htdocs\anjungnet\system\Database\BaseConnection.php(607): CodeIgniter\Database\BaseConnection->simpleQuery('SELECT *\nFROM `...')
#3 C:\xampp\htdocs\anjungnet\system\Database\BaseBuilder.php(1615): CodeIgniter\Database\BaseConnection->query('SELECT *\nFROM `...', Array, false)
#4 C:\xampp\htdocs\anjungnet\Modules\AdminDashboard\Models\Home_m.php(36): CodeIgniter\Database\BaseBuilder->get()
#5 C:\xampp\htdocs\anjungnet\Modules\AdminDashboard\Controllers\Home_c.php(19): Modules\AdminDashboard\Models\Home_m->getUserProfile('18163')
#6 C:\xampp\htdocs\anjungnet\system\CodeIgniter.php(942): Modules\AdminDashboard\Controllers\Home_c->index()
#7 C:\xampp\htdocs\anjungnet\system\CodeIgniter.php(502): CodeIgniter\CodeIgniter->runController(Object(Modules\AdminDashboard\Controllers\Home_c))
#8 C:\xampp\htdocs\anjungnet\system\CodeIgniter.php(361): CodeIgniter\CodeIgniter->handleRequest(NULL, Object(Config\Cache), false)
#9 C:\xampp\htdocs\anjungnet\public\index.php(79): CodeIgniter\CodeIgniter->run()
#10 {main}
CRITICAL - 2024-06-25 09:07:54 --> Table 'anjungnet.role' doesn't exist
in SYSTEMPATH\Database\BaseConnection.php on line 647.
 1 SYSTEMPATH\Database\BaseBuilder.php(1615): CodeIgniter\Database\BaseConnection->query('SELECT *
FROM `users` `a`
LEFT JOIN `role` `b` ON `a`.`role` = `b`.`roleid`
WHERE `a`.`NoK` = :a.NoK:', [...], false)
 2 ROOTPATH\Modules\AdminDashboard\Models\Home_m.php(36): CodeIgniter\Database\BaseBuilder->get()
 3 ROOTPATH\Modules\AdminDashboard\Controllers\Home_c.php(19): Modules\AdminDashboard\Models\Home_m->getUserProfile('18163')
 4 SYSTEMPATH\CodeIgniter.php(942): Modules\AdminDashboard\Controllers\Home_c->index()
 5 SYSTEMPATH\CodeIgniter.php(502): CodeIgniter\CodeIgniter->runController(Object(Modules\AdminDashboard\Controllers\Home_c))
 6 SYSTEMPATH\CodeIgniter.php(361): CodeIgniter\CodeIgniter->handleRequest(null, Object(Config\Cache), false)
 7 FCPATH\index.php(79): CodeIgniter\CodeIgniter->run()
